<?xml version="1.0" encoding="UTF-8"?>
<testsuite name="com.telran.remindly.test.MainScreenTest" tests="1" skipped="0" failures="0" errors="0" timestamp="2022-09-14T22:23:04" hostname="iMac-ipaparazzi" time="3.005">
  <properties/>
  <testcase name="appLicensesTest" classname="com.telran.remindly.test.MainScreenTest" time="3.005"/>
  <system-out><![CDATA[]]></system-out>
  <system-err><![CDATA[сент. 15, 2022 12:23:04 AM io.appium.java_client.remote.AppiumCommandExecutor$1 lambda$0
INFO: Detected dialect: W3C
]]></system-err>
</testsuite>
